# JRE version: Java(TM) SE Runtime Environment (8.0_112-b15) (build 1.8.0_112-b15)
# Java VM: Java HotSpot(TM) 64-Bit Server VM (25.112-b15 mixed mode windows-amd64 compressed oops)
Heap:
 PSYoungGen      total 50688K, used 20601K [0x00000007bc400000, 0x00000007c0000000, 0x00000007c0000000)
  eden space 48128K, 37% used [0x00000007bc400000,0x00000007bd59ff80,0x00000007bf300000)
  from space 2560K, 99% used [0x00000007bfd80000,0x00000007bfffe740,0x00000007c0000000)
  to   space 6656K, 0% used [0x00000007bf300000,0x00000007bf300000,0x00000007bf980000)
 ParOldGen       total 205824K, used 149133K [0x0000000700000000, 0x000000070c900000, 0x00000007bc400000)
  object space 205824K, 72% used [0x0000000700000000,0x00000007091a3530,0x000000070c900000)
 Metaspace       used 91300K, capacity 92241K, committed 92888K, reserved 1128448K
  class space    used 13325K, capacity 13507K, committed 13568K, reserved 1048576K
GC Heap History (10 events):
Event: 7751.612 GC heap before
{Heap before GC invocations=882 (full 63):
 PSYoungGen      total 58880K, used 57984K [0x00000007bc400000, 0x00000007c0000000, 0x00000007c0000000)
  eden space 56320K, 100% used [0x00000007bc400000,0x00000007bfb00000,0x00000007bfb00000)
  from space 2560K, 65% used [0x00000007bfd80000,0x00000007bff20000,0x00000007c0000000)
  to   space 2560K, 0% used [0x00000007bfb00000,0x00000007bfb00000,0x00000007bfd80000)
 ParOldGen       total 205824K, used 168974K [0x0000000700000000, 0x000000070c900000, 0x00000007bc400000)
  object space 205824K, 82% used [0x0000000700000000,0x000000070a503820,0x000000070c900000)
 Metaspace       used 91205K, capacity 92177K, committed 92888K, reserved 1128448K
  class space    used 13325K, capacity 13507K, committed 13568K, reserved 1048576K
Event: 7751.620 GC heap after
Heap after GC invocations=882 (full 63):
 PSYoungGen      total 58880K, used 1472K [0x00000007bc400000, 0x00000007c0000000, 0x00000007c0000000)
  eden space 56320K, 0% used [0x00000007bc400000,0x00000007bc400000,0x00000007bfb00000)
  from space 2560K, 57% used [0x00000007bfb00000,0x00000007bfc70000,0x00000007bfd80000)
  to   space 2560K, 0% used [0x00000007bfd80000,0x00000007bfd80000,0x00000007c0000000)
 ParOldGen       total 205824K, used 169006K [0x0000000700000000, 0x000000070c900000, 0x00000007bc400000)
  object space 205824K, 82% used [0x0000000700000000,0x000000070a50b820,0x000000070c900000)
 Metaspace       used 91205K, capacity 92177K, committed 92888K, reserved 1128448K
  class space    used 13325K, capacity 13507K, committed 13568K, reserved 1048576K
}
Event: 7752.441 GC heap before
{Heap before GC invocations=883 (full 63):
 PSYoungGen      total 58880K, used 6411K [0x00000007bc400000, 0x00000007c0000000, 0x00000007c0000000)
  eden space 56320K, 8% used [0x00000007bc400000,0x00000007bc8d2f28,0x00000007bfb00000)
  from space 2560K, 57% used [0x00000007bfb00000,0x00000007bfc70000,0x00000007bfd80000)
  to   space 2560K, 0% used [0x00000007bfd80000,0x00000007bfd80000,0x00000007c0000000)
 ParOldGen       total 205824K, used 169006K [0x0000000700000000, 0x000000070c900000, 0x00000007bc400000)
  object space 205824K, 82% used [0x0000000700000000,0x000000070a50b820,0x000000070c900000)
 Metaspace       used 91208K, capacity 92177K, committed 92888K, reserved 1128448K
  class space    used 13325K, capacity 13507K, committed 13568K, reserved 1048576K
Event: 7752.446 GC heap after
Heap after GC invocations=883 (full 63):
 PSYoungGen      total 58880K, used 1024K [0x00000007bc400000, 0x00000007c0000000, 0x00000007c0000000)
  eden space 56320K, 0% used [0x00000007bc400000,0x00000007bc400000,0x00000007bfb00000)
  from space 2560K, 40% used [0x00000007bfd80000,0x00000007bfe80000,0x00000007c0000000)
  to   space 2560K, 0% used [0x00000007bfb00000,0x00000007bfb00000,0x00000007bfd80000)
 ParOldGen       total 205824K, used 169296K [0x0000000700000000, 0x000000070c900000, 0x00000007bc400000)
  object space 205824K, 82% used [0x0000000700000000,0x000000070a5541f8,0x000000070c900000)
 Metaspace       used 91208K, capacity 92177K, committed 92888K, reserved 1128448K
  class space    used 13325K, capacity 13507K, committed 13568K, reserved 1048576K
}
Event: 7752.446 GC heap before
{Heap before GC invocations=884 (full 64):
 PSYoungGen      total 58880K, used 1024K [0x00000007bc400000, 0x00000007c0000000, 0x00000007c0000000)
  eden space 56320K, 0% used [0x00000007bc400000,0x00000007bc400000,0x00000007bfb00000)
  from space 2560K, 40% used [0x00000007bfd80000,0x00000007bfe80000,0x00000007c0000000)
  to   space 2560K, 0% used [0x00000007bfb00000,0x00000007bfb00000,0x00000007bfd80000)
 ParOldGen       total 205824K, used 169296K [0x0000000700000000, 0x000000070c900000, 0x00000007bc400000)
  object space 205824K, 82% used [0x0000000700000000,0x000000070a5541f8,0x000000070c900000)
 Metaspace       used 91208K, capacity 92177K, committed 92888K, reserved 1128448K
  class space    used 13325K, capacity 13507K, committed 13568K, reserved 1048576K
Event: 7752.773 GC heap after
Heap after GC invocations=884 (full 64):
 PSYoungGen      total 58880K, used 0K [0x00000007bc400000, 0x00000007c0000000, 0x00000007c0000000)
  eden space 56320K, 0% used [0x00000007bc400000,0x00000007bc400000,0x00000007bfb00000)
  from space 2560K, 0% used [0x00000007bfd80000,0x00000007bfd80000,0x00000007c0000000)
  to   space 2560K, 0% used [0x00000007bfb00000,0x00000007bfb00000,0x00000007bfd80000)
 ParOldGen       total 205824K, used 139141K [0x0000000700000000, 0x000000070c900000, 0x00000007bc400000)
  object space 205824K, 67% used [0x0000000700000000,0x00000007087e1448,0x000000070c900000)
 Metaspace       used 91208K, capacity 92177K, committed 92888K, reserved 1128448K
  class space    used 13325K, capacity 13507K, committed 13568K, reserved 1048576K
}
Event: 7754.182 GC heap before
{Heap before GC invocations=885 (full 64):
 PSYoungGen      total 58880K, used 56320K [0x00000007bc400000, 0x00000007c0000000, 0x00000007c0000000)
  eden space 56320K, 100% used [0x00000007bc400000,0x00000007bfb00000,0x00000007bfb00000)
  from space 2560K, 0% used [0x00000007bfd80000,0x00000007bfd80000,0x00000007c0000000)
  to   space 2560K, 0% used [0x00000007bfb00000,0x00000007bfb00000,0x00000007bfd80000)
 ParOldGen       total 205824K, used 139141K [0x0000000700000000, 0x000000070c900000, 0x00000007bc400000)
  object space 205824K, 67% used [0x0000000700000000,0x00000007087e1448,0x000000070c900000)
 Metaspace       used 91275K, capacity 92241K, committed 92888K, reserved 1128448K
  class space    used 13325K, capacity 13507K, committed 13568K, reserved 1048576K
Event: 7754.192 GC heap after
Heap after GC invocations=885 (full 64):
 PSYoungGen      total 58880K, used 2531K [0x00000007bc400000, 0x00000007c0000000, 0x00000007c0000000)
  eden space 56320K, 0% used [0x00000007bc400000,0x00000007bc400000,0x00000007bfb00000)
  from space 2560K, 98% used [0x00000007bfb00000,0x00000007bfd78c88,0x00000007bfd80000)
  to   space 2560K, 0% used [0x00000007bfd80000,0x00000007bfd80000,0x00000007c0000000)
 ParOldGen       total 205824K, used 145989K [0x0000000700000000, 0x000000070c900000, 0x00000007bc400000)
  object space 205824K, 70% used [0x0000000700000000,0x0000000708e914b0,0x000000070c900000)
 Metaspace       used 91275K, capacity 92241K, committed 92888K, reserved 1128448K
  class space    used 13325K, capacity 13507K, committed 13568K, reserved 1048576K
}
Event: 7756.641 GC heap before
{Heap before GC invocations=886 (full 64):
 PSYoungGen      total 58880K, used 58851K [0x00000007bc400000, 0x00000007c0000000, 0x00000007c0000000)
  eden space 56320K, 100% used [0x00000007bc400000,0x00000007bfb00000,0x00000007bfb00000)
  from space 2560K, 98% used [0x00000007bfb00000,0x00000007bfd78c88,0x00000007bfd80000)
  to   space 2560K, 0% used [0x00000007bfd80000,0x00000007bfd80000,0x00000007c0000000)
 ParOldGen       total 205824K, used 145989K [0x0000000700000000, 0x000000070c900000, 0x00000007bc400000)
  object space 205824K, 70% used [0x0000000700000000,0x0000000708e914b0,0x000000070c900000)
 Metaspace       used 91299K, capacity 92241K, committed 92888K, reserved 1128448K
  class space    used 13325K, capacity 13507K, committed 13568K, reserved 1048576K
Event: 7756.647 GC heap after
Heap after GC invocations=886 (full 64):
 PSYoungGen      total 50688K, used 2553K [0x00000007bc400000, 0x00000007c0000000, 0x00000007c0000000)
  eden space 48128K, 0% used [0x00000007bc400000,0x00000007bc400000,0x00000007bf300000)
  from space 2560K, 99% used [0x00000007bfd80000,0x00000007bfffe740,0x00000007c0000000)
  to   space 6656K, 0% used [0x00000007bf300000,0x00000007bf300000,0x00000007bf980000)
 ParOldGen       total 205824K, used 149133K [0x0000000700000000, 0x000000070c900000, 0x00000007bc400000)
  object space 205824K, 72% used [0x0000000700000000,0x00000007091a3530,0x000000070c900000)
 Metaspace       used 91299K, capacity 92241K, committed 92888K, reserved 1128448K
  class space    used 13325K, capacity 13507K, committed 13568K, reserved 1048576K
}

